2026-02-18 13:20:26,352 - cache_service - WARNING - \u26a0\ufe0f Redis not available at localhost:6379. Caching disabled.
2026-02-18 13:20:35,659 - cloud_remediation_service - WARNING - \u26a0\ufe0f AWS SDK not available: You must specify a region.
2026-02-18 13:20:35,664 - cloud_remediation_service - WARNING - \u26a0\ufe0f Azure SDK not available: No module named 'azure.identity'
2026-02-18 13:20:39,702 - cloud_remediation_service - WARNING - \u26a0\ufe0f GCP SDK not available: Your default credentials were not found. To set up Application Default Credentials, see https://cloud.google.com/docs/authentication/external/set-up-adc for more information.
INFO:     Started server process [22960]
INFO:     Waiting for application startup.
2026-02-18 13:20:40,481 - passlib.handlers.bcrypt - WARNING - (trapped) error reading bcrypt version
Traceback (most recent call last):
  File "D:\Downloads\enterprise-omni-agent-ai-platform\backend\venv\Lib\site-packages\passlib\handlers\bcrypt.py", line 620, in _load_backend_mixin
    version = _bcrypt.__about__.__version__
              ^^^^^^^^^^^^^^^^^
AttributeError: module 'bcrypt' has no attribute '__about__'
2026-02-18 13:20:40,552 - apscheduler.scheduler - INFO - Adding job tentatively -- it will be properly scheduled when the scheduler starts
2026-02-18 13:20:40,555 - apscheduler.scheduler - INFO - Added job "Process Scheduled Deployments" to job store "default"
2026-02-18 13:20:40,555 - apscheduler.scheduler - INFO - Scheduler started
2026-02-18 13:20:40,557 - apscheduler.scheduler - INFO - Adding job tentatively -- it will be properly scheduled when the scheduler starts
2026-02-18 13:20:40,557 - apscheduler.scheduler - INFO - Added job "FinOps Cost Recalculation" to job store "default"
2026-02-18 13:20:40,558 - apscheduler.scheduler - INFO - Scheduler started
INFO:     Application startup complete.
ERROR:    [Errno 10048] error while attempting to bind on address ('0.0.0.0', 5000): only one usage of each socket address (protocol/network address/port) is normally permitted
INFO:     Waiting for application shutdown.
2026-02-18 13:20:40,559 - apscheduler.scheduler - INFO - Scheduler has been shut down
2026-02-18 13:20:40,559 - apscheduler.scheduler - INFO - Scheduler has been shut down
INFO:     Application shutdown complete.
